<?xml version="1.0" encoding="UTF-8"?>
<testsuite xmlns:xsi="http://www.w3.org/2001/XMLSchema-instance" xsi:noNamespaceSchemaLocation="https://maven.apache.org/surefire/maven-surefire-plugin/xsd/surefire-test-report.xsd" name="whiteblack.InventoryServiceTest" time="0.037" tests="11" errors="0" skipped="0" failures="0">
  <properties/>
  <testcase name="testAddInhousePartTC1_BVA{String}[1]" classname="whiteblack.InventoryServiceTest" time="0.009"/>
  <testcase name="testAddInhousePartTC1_BVA{String}[2]" classname="whiteblack.InventoryServiceTest" time="0.001"/>
  <testcase name="testAddInhousePartTC1_BVA{String}[3]" classname="whiteblack.InventoryServiceTest" time="0"/>
  <testcase name="testAddInhousePartTC1_ECP" classname="whiteblack.InventoryServiceTest" time="0.001"/>
  <testcase name="testAddInhousePartTC2_BVA" classname="whiteblack.InventoryServiceTest" time="0.001"/>
  <testcase name="testAddInhousePartTC2_ECP" classname="whiteblack.InventoryServiceTest" time="0"/>
  <testcase name="testAddInhousePartTC3_BVA[1]" classname="whiteblack.InventoryServiceTest" time="0.002"/>
  <testcase name="testAddInhousePartTC3_BVA[2]" classname="whiteblack.InventoryServiceTest" time="0"/>
  <testcase name="testAddInhousePartTC3_BVA[3]" classname="whiteblack.InventoryServiceTest" time="0.002"/>
  <testcase name="testAddInhousePartTC3_ECP" classname="whiteblack.InventoryServiceTest" time="0.001"/>
  <testcase name="testAddInhousePartTC4_BVA" classname="whiteblack.InventoryServiceTest" time="0.004"/>
</testsuite>