<?xml version="1.0" encoding="UTF-8"?>
<testsuite xmlns:xsi="http://www.w3.org/2001/XMLSchema-instance" xsi:noNamespaceSchemaLocation="https://maven.apache.org/surefire/maven-surefire-plugin/xsd/surefire-test-report.xsd" name="whiteblack.ProductLookupTest" time="0.008" tests="7" errors="0" skipped="0" failures="0">
  <properties/>
  <testcase name="testFirstProductNameContainsSearchItemButZeroStockAndNextProductIdMatches" classname="whiteblack.ProductLookupTest" time="0.002"/>
  <testcase name="testNonFirstProductNameContainsSearchItemButFirstProductIdDoesNotMatch" classname="whiteblack.ProductLookupTest" time="0.001"/>
  <testcase name="testFirstProductIdMatchesSearchItem" classname="whiteblack.ProductLookupTest" time="0.001"/>
  <testcase name="testNoProductFoundNoIdMatch" classname="whiteblack.ProductLookupTest" time="0.001"/>
  <testcase name="testProductFoundWithStock" classname="whiteblack.ProductLookupTest" time="0.002"/>
  <testcase name="testProductFoundButZeroStock" classname="whiteblack.ProductLookupTest" time="0.001"/>
  <testcase name="testFirstProductNameContainsSearchItemAndHasStock" classname="whiteblack.ProductLookupTest" time="0"/>
</testsuite>