<?xml version="1.0" encoding="UTF-8"?>
<testsuite xmlns:xsi="http://www.w3.org/2001/XMLSchema-instance" xsi:noNamespaceSchemaLocation="https://maven.apache.org/surefire/maven-surefire-plugin/xsd/surefire-test-report.xsd" name="integration.step2.InventoryServiceTest" time="0.313" tests="2" errors="0" skipped="0" failures="0">
  <properties/>
  <testcase name="addPart" classname="integration.step2.InventoryServiceTest" time="0.301"/>
  <testcase name="getParts" classname="integration.step2.InventoryServiceTest" time="0"/>
</testsuite>