<?xml version="1.0" encoding="UTF-8"?>
<testsuite xmlns:xsi="http://www.w3.org/2001/XMLSchema-instance" xsi:noNamespaceSchemaLocation="https://maven.apache.org/surefire/maven-surefire-plugin/xsd/surefire-test-report.xsd" name="integration.step1.InventoryRepositoryTest" time="0.326" tests="2" errors="0" skipped="0" failures="0">
  <properties/>
  <testcase name="getAll" classname="integration.step1.InventoryRepositoryTest" time="0.124"/>
  <testcase name="add" classname="integration.step1.InventoryRepositoryTest" time="0.192"/>
</testsuite>