<?xml version="1.0" encoding="UTF-8"?>
<testsuite xmlns:xsi="http://www.w3.org/2001/XMLSchema-instance" xsi:noNamespaceSchemaLocation="https://maven.apache.org/surefire/maven-surefire-plugin/xsd/surefire-test-report-3.0.xsd" version="3.0" name="integration.step2.InventoryServiceTest" time="0.013" tests="2" errors="0" skipped="0" failures="0">
  <properties>
    <property name="java.specification.version" value="21"/>
    <property name="sun.cpu.isalist" value="amd64"/>
    <property name="sun.jnu.encoding" value="Cp1252"/>
    <property name="java.class.path" value="C:\Facultate\VVSS\target\test-classes;C:\Users\adiaconescu\.m2\repository\javax\xml\bind\jaxb-api\2.3.0\jaxb-api-2.3.0.jar;C:\Users\adiaconescu\.m2\repository\com\sun\xml\bind\jaxb-impl\2.3.0\jaxb-impl-2.3.0.jar;C:\Users\adiaconescu\.m2\repository\javax\activation\activation\1.1.1\activation-1.1.1.jar;C:\Users\adiaconescu\.m2\repository\com\sun\xml\bind\jaxb-core\2.3.0\jaxb-core-2.3.0.jar;C:\Users\adiaconescu\.m2\repository\org\mockito\mockito-core\2.23.0\mockito-core-2.23.0.jar;C:\Users\adiaconescu\.m2\repository\net\bytebuddy\byte-buddy\1.9.0\byte-buddy-1.9.0.jar;C:\Users\adiaconescu\.m2\repository\net\bytebuddy\byte-buddy-agent\1.9.0\byte-buddy-agent-1.9.0.jar;C:\Users\adiaconescu\.m2\repository\org\objenesis\objenesis\2.6\objenesis-2.6.jar;C:\Users\adiaconescu\.m2\repository\org\mockito\mockito-junit-jupiter\2.23.0\mockito-junit-jupiter-2.23.0.jar;C:\Users\adiaconescu\.m2\repository\org\junit\jupiter\junit-jupiter-engine\5.6.0\junit-jupiter-engine-5.6.0.jar;C:\Users\adiaconescu\.m2\repository\org\apiguardian\apiguardian-api\1.1.0\apiguardian-api-1.1.0.jar;C:\Users\adiaconescu\.m2\repository\org\junit\platform\junit-platform-engine\1.6.0\junit-platform-engine-1.6.0.jar;C:\Users\adiaconescu\.m2\repository\org\junit\jupiter\junit-jupiter-api\5.6.0\junit-jupiter-api-5.6.0.jar;C:\Users\adiaconescu\.m2\repository\org\opentest4j\opentest4j\1.2.0\opentest4j-1.2.0.jar;C:\Users\adiaconescu\.m2\repository\org\junit\platform\junit-platform-commons\1.6.0\junit-platform-commons-1.6.0.jar;C:\Users\adiaconescu\.m2\repository\org\junit\jupiter\junit-jupiter-params\5.6.0\junit-jupiter-params-5.6.0.jar;C:\Users\adiaconescu\.m2\repository\org\openjfx\javafx-base\14-ea+4\javafx-base-14-ea+4.jar;C:\Users\adiaconescu\.m2\repository\org\openjfx\javafx-graphics\14-ea+4\javafx-graphics-14-ea+4.jar;C:\Users\adiaconescu\.m2\repository\org\openjfx\javafx-controls\14-ea+4\javafx-controls-14-ea+4.jar;C:\Users\adiaconescu\.m2\repository\org\openjfx\javafx-fxml\14-ea+4\javafx-fxml-14-ea+4.jar;C:\Users\adiaconescu\.m2\repository\org\openjfx\javafx-media\14-ea+4\javafx-media-14-ea+4.jar;C:\Users\adiaconescu\.m2\repository\org\openjfx\javafx-media\14-ea+4\javafx-media-14-ea+4-win.jar;C:\Users\adiaconescu\.m2\repository\org\openjfx\javafx-swing\14-ea+4\javafx-swing-14-ea+4.jar;C:\Users\adiaconescu\.m2\repository\org\openjfx\javafx-swing\14-ea+4\javafx-swing-14-ea+4-win.jar;C:\Users\adiaconescu\.m2\repository\org\openjfx\javafx-web\14-ea+4\javafx-web-14-ea+4.jar;C:\Users\adiaconescu\.m2\repository\org\openjfx\javafx-web\14-ea+4\javafx-web-14-ea+4-win.jar;C:\Users\adiaconescu\.m2\repository\log4j\log4j\1.2.17\log4j-1.2.17.jar;C:\Users\adiaconescu\.m2\repository\org\controlsfx\controlsfx\11.0.1\controlsfx-11.0.1.jar;"/>
    <property name="java.vm.vendor" value="Eclipse Adoptium"/>
    <property name="sun.arch.data.model" value="64"/>
    <property name="user.variant" value=""/>
    <property name="java.vendor.url" value="https://adoptium.net/"/>
    <property name="user.timezone" value="Europe/Bucharest"/>
    <property name="user.country.format" value="150"/>
    <property name="os.name" value="Windows 11"/>
    <property name="java.vm.specification.version" value="21"/>
    <property name="sun.java.launcher" value="SUN_STANDARD"/>
    <property name="user.country" value="US"/>
    <property name="sun.boot.library.path" value="C:\Program Files\Eclipse Adoptium\jdk-21.0.4.7-hotspot\bin"/>
    <property name="sun.java.command" value="org.apache.maven.surefire.booter.ForkedBooter C:\Users\adiaconescu\AppData\Local\Temp\surefire14905749468497862399 2025-05-06T16-59-57_533-jvmRun1 surefire-20250506165957822_1tmp surefire_0-20250506165957822_2tmp"/>
    <property name="jdk.debug" value="release"/>
    <property name="surefire.test.class.path" value="C:\Facultate\VVSS\target\test-classes;C:\Users\adiaconescu\.m2\repository\javax\xml\bind\jaxb-api\2.3.0\jaxb-api-2.3.0.jar;C:\Users\adiaconescu\.m2\repository\com\sun\xml\bind\jaxb-impl\2.3.0\jaxb-impl-2.3.0.jar;C:\Users\adiaconescu\.m2\repository\javax\activation\activation\1.1.1\activation-1.1.1.jar;C:\Users\adiaconescu\.m2\repository\com\sun\xml\bind\jaxb-core\2.3.0\jaxb-core-2.3.0.jar;C:\Users\adiaconescu\.m2\repository\org\mockito\mockito-core\2.23.0\mockito-core-2.23.0.jar;C:\Users\adiaconescu\.m2\repository\net\bytebuddy\byte-buddy\1.9.0\byte-buddy-1.9.0.jar;C:\Users\adiaconescu\.m2\repository\net\bytebuddy\byte-buddy-agent\1.9.0\byte-buddy-agent-1.9.0.jar;C:\Users\adiaconescu\.m2\repository\org\objenesis\objenesis\2.6\objenesis-2.6.jar;C:\Users\adiaconescu\.m2\repository\org\mockito\mockito-junit-jupiter\2.23.0\mockito-junit-jupiter-2.23.0.jar;C:\Users\adiaconescu\.m2\repository\org\junit\jupiter\junit-jupiter-engine\5.6.0\junit-jupiter-engine-5.6.0.jar;C:\Users\adiaconescu\.m2\repository\org\apiguardian\apiguardian-api\1.1.0\apiguardian-api-1.1.0.jar;C:\Users\adiaconescu\.m2\repository\org\junit\platform\junit-platform-engine\1.6.0\junit-platform-engine-1.6.0.jar;C:\Users\adiaconescu\.m2\repository\org\junit\jupiter\junit-jupiter-api\5.6.0\junit-jupiter-api-5.6.0.jar;C:\Users\adiaconescu\.m2\repository\org\opentest4j\opentest4j\1.2.0\opentest4j-1.2.0.jar;C:\Users\adiaconescu\.m2\repository\org\junit\platform\junit-platform-commons\1.6.0\junit-platform-commons-1.6.0.jar;C:\Users\adiaconescu\.m2\repository\org\junit\jupiter\junit-jupiter-params\5.6.0\junit-jupiter-params-5.6.0.jar;C:\Users\adiaconescu\.m2\repository\org\openjfx\javafx-base\14-ea+4\javafx-base-14-ea+4.jar;C:\Users\adiaconescu\.m2\repository\org\openjfx\javafx-graphics\14-ea+4\javafx-graphics-14-ea+4.jar;C:\Users\adiaconescu\.m2\repository\org\openjfx\javafx-controls\14-ea+4\javafx-controls-14-ea+4.jar;C:\Users\adiaconescu\.m2\repository\org\openjfx\javafx-fxml\14-ea+4\javafx-fxml-14-ea+4.jar;C:\Users\adiaconescu\.m2\repository\org\openjfx\javafx-media\14-ea+4\javafx-media-14-ea+4.jar;C:\Users\adiaconescu\.m2\repository\org\openjfx\javafx-media\14-ea+4\javafx-media-14-ea+4-win.jar;C:\Users\adiaconescu\.m2\repository\org\openjfx\javafx-swing\14-ea+4\javafx-swing-14-ea+4.jar;C:\Users\adiaconescu\.m2\repository\org\openjfx\javafx-swing\14-ea+4\javafx-swing-14-ea+4-win.jar;C:\Users\adiaconescu\.m2\repository\org\openjfx\javafx-web\14-ea+4\javafx-web-14-ea+4.jar;C:\Users\adiaconescu\.m2\repository\org\openjfx\javafx-web\14-ea+4\javafx-web-14-ea+4-win.jar;C:\Users\adiaconescu\.m2\repository\log4j\log4j\1.2.17\log4j-1.2.17.jar;C:\Users\adiaconescu\.m2\repository\org\controlsfx\controlsfx\11.0.1\controlsfx-11.0.1.jar;"/>
    <property name="sun.cpu.endian" value="little"/>
    <property name="user.home" value="C:\Users\adiaconescu"/>
    <property name="user.language" value="en"/>
    <property name="java.specification.vendor" value="Oracle Corporation"/>
    <property name="jdk.module.path" value="C:\Facultate\VVSS\target\classes;C:\Users\adiaconescu\.m2\repository\org\openjfx\javafx-base\14-ea+4\javafx-base-14-ea+4-win.jar;C:\Users\adiaconescu\.m2\repository\org\openjfx\javafx-graphics\14-ea+4\javafx-graphics-14-ea+4-win.jar;C:\Users\adiaconescu\.m2\repository\org\openjfx\javafx-controls\14-ea+4\javafx-controls-14-ea+4-win.jar;C:\Users\adiaconescu\.m2\repository\org\openjfx\javafx-fxml\14-ea+4\javafx-fxml-14-ea+4-win.jar"/>
    <property name="java.version.date" value="2024-07-16"/>
    <property name="java.home" value="C:\Program Files\Eclipse Adoptium\jdk-21.0.4.7-hotspot"/>
    <property name="file.separator" value="\"/>
    <property name="basedir" value="C:\Facultate\VVSS"/>
    <property name="java.vm.compressedOopsMode" value="Zero based"/>
    <property name="line.separator" value="&#10;"/>
    <property name="java.vm.specification.vendor" value="Oracle Corporation"/>
    <property name="java.specification.name" value="Java Platform API Specification"/>
    <property name="surefire.real.class.path" value="C:\Users\adiaconescu\.m2\repository\org\apache\maven\surefire\surefire-booter\3.2.5\surefire-booter-3.2.5.jar;C:\Users\adiaconescu\.m2\repository\org\apache\maven\surefire\surefire-api\3.2.5\surefire-api-3.2.5.jar;C:\Users\adiaconescu\.m2\repository\org\apache\maven\surefire\surefire-logger-api\3.2.5\surefire-logger-api-3.2.5.jar;C:\Users\adiaconescu\.m2\repository\org\apache\maven\surefire\surefire-shared-utils\3.2.5\surefire-shared-utils-3.2.5.jar;C:\Users\adiaconescu\.m2\repository\org\apache\maven\surefire\surefire-extensions-spi\3.2.5\surefire-extensions-spi-3.2.5.jar;C:\Facultate\VVSS\target\test-classes;C:\Users\adiaconescu\.m2\repository\javax\xml\bind\jaxb-api\2.3.0\jaxb-api-2.3.0.jar;C:\Users\adiaconescu\.m2\repository\com\sun\xml\bind\jaxb-impl\2.3.0\jaxb-impl-2.3.0.jar;C:\Users\adiaconescu\.m2\repository\javax\activation\activation\1.1.1\activation-1.1.1.jar;C:\Users\adiaconescu\.m2\repository\com\sun\xml\bind\jaxb-core\2.3.0\jaxb-core-2.3.0.jar;C:\Users\adiaconescu\.m2\repository\org\mockito\mockito-core\2.23.0\mockito-core-2.23.0.jar;C:\Users\adiaconescu\.m2\repository\net\bytebuddy\byte-buddy\1.9.0\byte-buddy-1.9.0.jar;C:\Users\adiaconescu\.m2\repository\net\bytebuddy\byte-buddy-agent\1.9.0\byte-buddy-agent-1.9.0.jar;C:\Users\adiaconescu\.m2\repository\org\objenesis\objenesis\2.6\objenesis-2.6.jar;C:\Users\adiaconescu\.m2\repository\org\mockito\mockito-junit-jupiter\2.23.0\mockito-junit-jupiter-2.23.0.jar;C:\Users\adiaconescu\.m2\repository\org\junit\jupiter\junit-jupiter-engine\5.6.0\junit-jupiter-engine-5.6.0.jar;C:\Users\adiaconescu\.m2\repository\org\apiguardian\apiguardian-api\1.1.0\apiguardian-api-1.1.0.jar;C:\Users\adiaconescu\.m2\repository\org\junit\platform\junit-platform-engine\1.6.0\junit-platform-engine-1.6.0.jar;C:\Users\adiaconescu\.m2\repository\org\junit\jupiter\junit-jupiter-api\5.6.0\junit-jupiter-api-5.6.0.jar;C:\Users\adiaconescu\.m2\repository\org\opentest4j\opentest4j\1.2.0\opentest4j-1.2.0.jar;C:\Users\adiaconescu\.m2\repository\org\junit\platform\junit-platform-commons\1.6.0\junit-platform-commons-1.6.0.jar;C:\Users\adiaconescu\.m2\repository\org\junit\jupiter\junit-jupiter-params\5.6.0\junit-jupiter-params-5.6.0.jar;C:\Users\adiaconescu\.m2\repository\org\openjfx\javafx-base\14-ea+4\javafx-base-14-ea+4.jar;C:\Users\adiaconescu\.m2\repository\org\openjfx\javafx-graphics\14-ea+4\javafx-graphics-14-ea+4.jar;C:\Users\adiaconescu\.m2\repository\org\openjfx\javafx-controls\14-ea+4\javafx-controls-14-ea+4.jar;C:\Users\adiaconescu\.m2\repository\org\openjfx\javafx-fxml\14-ea+4\javafx-fxml-14-ea+4.jar;C:\Users\adiaconescu\.m2\repository\org\openjfx\javafx-media\14-ea+4\javafx-media-14-ea+4.jar;C:\Users\adiaconescu\.m2\repository\org\openjfx\javafx-media\14-ea+4\javafx-media-14-ea+4-win.jar;C:\Users\adiaconescu\.m2\repository\org\openjfx\javafx-swing\14-ea+4\javafx-swing-14-ea+4.jar;C:\Users\adiaconescu\.m2\repository\org\openjfx\javafx-swing\14-ea+4\javafx-swing-14-ea+4-win.jar;C:\Users\adiaconescu\.m2\repository\org\openjfx\javafx-web\14-ea+4\javafx-web-14-ea+4.jar;C:\Users\adiaconescu\.m2\repository\org\openjfx\javafx-web\14-ea+4\javafx-web-14-ea+4-win.jar;C:\Users\adiaconescu\.m2\repository\log4j\log4j\1.2.17\log4j-1.2.17.jar;C:\Users\adiaconescu\.m2\repository\org\controlsfx\controlsfx\11.0.1\controlsfx-11.0.1.jar;C:\Users\adiaconescu\.m2\repository\org\apache\maven\surefire\surefire-junit-platform\3.2.5\surefire-junit-platform-3.2.5.jar;C:\Users\adiaconescu\.m2\repository\org\apache\maven\surefire\common-java5\3.2.5\common-java5-3.2.5.jar;C:\Users\adiaconescu\.m2\repository\org\junit\platform\junit-platform-launcher\1.6.0\junit-platform-launcher-1.6.0.jar"/>
    <property name="user.script" value=""/>
    <property name="sun.management.compiler" value="HotSpot 64-Bit Tiered Compilers"/>
    <property name="java.runtime.version" value="21.0.4+7-LTS"/>
    <property name="user.name" value="adiaconescu"/>
    <property name="stdout.encoding" value="Cp1252"/>
    <property name="path.separator" value=";"/>
    <property name="os.version" value="10.0"/>
    <property name="java.runtime.name" value="OpenJDK Runtime Environment"/>
    <property name="file.encoding" value="UTF-8"/>
    <property name="java.vm.name" value="OpenJDK 64-Bit Server VM"/>
    <property name="java.vendor.version" value="Temurin-21.0.4+7"/>
    <property name="localRepository" value="C:\Users\adiaconescu\.m2\repository"/>
    <property name="java.vendor.url.bug" value="https://github.com/adoptium/adoptium-support/issues"/>
    <property name="java.io.tmpdir" value="C:\Users\ADIACO~1\AppData\Local\Temp\"/>
    <property name="idea.version" value="2024.3"/>
    <property name="java.version" value="21.0.4"/>
    <property name="user.dir" value="C:\Facultate\VVSS"/>
    <property name="os.arch" value="amd64"/>
    <property name="java.vm.specification.name" value="Java Virtual Machine Specification"/>
    <property name="sun.os.patch.level" value=""/>
    <property name="native.encoding" value="Cp1252"/>
    <property name="java.library.path" value="C:\Program Files\Eclipse Adoptium\jdk-21.0.4.7-hotspot\bin;C:\Windows\Sun\Java\bin;C:\Windows\system32;C:\Windows;C:\Program Files\Microsoft MPI\Bin\;C:\Program Files\Eclipse Adoptium\jdk-21.0.4.7-hotspot\bin;C:\Python312\Scripts\;C:\Python312\;C:\Program Files\Eclipse Adoptium\jdk-11.0.23.9-hotspot\bin;C:\Windows\system32;C:\Windows;C:\Windows\System32\Wbem;C:\Windows\System32\WindowsPowerShell\v1.0\;C:\Windows\System32\OpenSSH\;C:\Program Files\dotnet\;C:\Program Files (x86)\GitExtensions\;C:\Program Files\Maven\apache-maven-3.6.1\bin;C:\catalysts\sdk\apache-tomcat-8.5.99;C:\ProgramData\chocolatey\bin;C:\Users\adiaconescu\AppData\Roaming\nvm;C:\Program Files\nodejs;C:\Program Files\nodejs\;C:\Program Files\Go\bin;C:\Program Files\Rancher Desktop\resources\resources\win32\bin\;C:\Program Files\Rancher Desktop\resources\resources\win32\docker-cli-plugins\;C:\Program Files\Rancher Desktop\resources\resources\linux\bin\;C:\Program Files\Rancher Desktop\resources\resources\linux\docker-cli-plugins\;C:\Program Files\Git\cmd;C:\Users\adiaconescu\scoop\shims;C:\Users\adiaconescu\AppData\Local\Microsoft\WindowsApps;C:\Users\adiaconescu\AppData\Local\JetBrains\Toolbox\scripts;npm;C:\Users\adiaconescu\AppData\Roaming\nvm;C:\Program Files\nodejs;C:\Users\adiaconescu\AppData\Roaming\npm;C:\Users\adiaconescu\AppData\Local\Programs\Microsoft VS Code\bin;C:\MinGW\bin;C:\Program Files\Microsoft MPI\Bin\;C:\Users\adiaconescu\AppData\Local\GitHubDesktop\bin;C:\Users\adiaconescu\go\bin;C:\Users\adiaconescu\AppData\Local\Android\Sdk\platform-tools;;."/>
    <property name="java.vm.info" value="mixed mode"/>
    <property name="stderr.encoding" value="Cp1252"/>
    <property name="java.vendor" value="Eclipse Adoptium"/>
    <property name="java.vm.version" value="21.0.4+7-LTS"/>
    <property name="sun.io.unicode.encoding" value="UnicodeLittle"/>
    <property name="java.class.version" value="65.0"/>
  </properties>
  <testcase name="addPart" classname="integration.step2.InventoryServiceTest" time="0.012">
    <system-out><![CDATA[I,1,Part999,99.0,15,5,25,1
]]></system-out>
  </testcase>
  <testcase name="getParts" classname="integration.step2.InventoryServiceTest" time="0.001"/>
</testsuite>